[2017-10-29 17:57:34]  (App.java:18) - [Application] START
[2017-10-29 17:57:34]  (SatelliteRelayServer.java:18) - [SatelliteRelayService] START
[2017-10-29 17:57:34]  (SatelliteRelayDBManager.java:36) - [SatelliteRelayServiceDB] Init
[2017-10-29 17:57:34]  (SatelliteRelayDBManager.java:45) - [SatelliteRelayServiceDB] connectDB
[2017-10-29 17:57:34]  (SatelliteRelayDBManager.java:62) - [SatelliteRelayServiceDB] checkDefaultTables
[2017-10-29 17:57:34]  (RelayService.java:25) - [RelayService] init
[2017-10-29 17:57:34]  (SatelliteRelayDBManager.java:77) - [SatelliteRelayServiceDB] getProducts
[2017-10-29 17:57:38]  (RelayService.java:32) - [RelayService] run
[2017-10-29 17:57:38]  (SatelliteRelayDBManager.java:82) - [SatelliteRelayServiceDB] getSatelliteInfo
[2017-10-29 17:57:38]  (RelayProductService.java:38) - [RelayProductService] registSchedule : (1) - 매분-잡
[2017-10-29 17:57:38]  (RestAPIService.java:27) - WebFrontService.run()
[2017-10-29 17:59:20]  (App.java:18) - [Application] START
[2017-10-29 17:59:20]  (SatelliteRelayServer.java:18) - [SatelliteRelayService] START
[2017-10-29 17:59:20]  (SatelliteRelayDBManager.java:36) - [SatelliteRelayServiceDB] Init
[2017-10-29 17:59:20]  (SatelliteRelayDBManager.java:45) - [SatelliteRelayServiceDB] connectDB
[2017-10-29 17:59:20]  (SatelliteRelayDBManager.java:62) - [SatelliteRelayServiceDB] checkDefaultTables
[2017-10-29 17:59:20]  (RelayService.java:25) - [RelayService] init
[2017-10-29 17:59:20]  (SatelliteRelayDBManager.java:77) - [SatelliteRelayServiceDB] getProducts
[2017-10-29 17:59:23]  (RelayService.java:32) - [RelayService] run
[2017-10-29 17:59:23]  (SatelliteRelayDBManager.java:82) - [SatelliteRelayServiceDB] getSatelliteInfo
[2017-10-29 17:59:23]  (RelayProductService.java:38) - [RelayProductService] registSchedule : (1) - 매분-잡
[2017-10-29 17:59:23]  (RestAPIService.java:27) - WebFrontService.run()
[2017-10-29 17:59:34]  (App.java:23) - creating TrayIcon with null Image
[2017-10-29 17:59:58]  (App.java:18) - [Application] START
[2017-10-29 17:59:58]  (SatelliteRelayServer.java:18) - [SatelliteRelayService] START
[2017-10-29 17:59:58]  (SatelliteRelayDBManager.java:36) - [SatelliteRelayServiceDB] Init
[2017-10-29 17:59:58]  (SatelliteRelayDBManager.java:45) - [SatelliteRelayServiceDB] connectDB
[2017-10-29 17:59:58]  (SatelliteRelayDBManager.java:62) - [SatelliteRelayServiceDB] checkDefaultTables
[2017-10-29 17:59:58]  (RelayService.java:25) - [RelayService] init
[2017-10-29 17:59:58]  (SatelliteRelayDBManager.java:77) - [SatelliteRelayServiceDB] getProducts
[2017-10-29 17:59:59]  (RelayService.java:32) - [RelayService] run
[2017-10-29 17:59:59]  (SatelliteRelayDBManager.java:82) - [SatelliteRelayServiceDB] getSatelliteInfo
[2017-10-29 17:59:59]  (RelayProductService.java:38) - [RelayProductService] registSchedule : (1) - 매분-잡
[2017-10-29 17:59:59]  (RestAPIService.java:27) - WebFrontService.run()
[2017-10-29 18:00:11]  (RelayProductService.java:64) - 	 [Schedule Job] START
[2017-10-29 18:00:11]  (RelayProductService.java:67) - 	 [Schedule Job] START HistoryID : 354
[2017-10-29 18:00:11]  (RelayProductService.java:45) - 	 [Schedule Job] Init SendServers
[2017-10-29 18:00:11]  (SatelliteRelayDBManager.java:87) - [SatelliteRelayServiceDB] getFTPInfo
[2017-10-29 18:00:26]  (App.java:18) - [Application] START
[2017-10-29 18:00:26]  (SatelliteRelayServer.java:18) - [SatelliteRelayService] START
[2017-10-29 18:00:26]  (SatelliteRelayDBManager.java:36) - [SatelliteRelayServiceDB] Init
[2017-10-29 18:00:26]  (SatelliteRelayDBManager.java:45) - [SatelliteRelayServiceDB] connectDB
[2017-10-29 18:00:26]  (SatelliteRelayDBManager.java:62) - [SatelliteRelayServiceDB] checkDefaultTables
[2017-10-29 18:00:26]  (RelayService.java:25) - [RelayService] init
[2017-10-29 18:00:26]  (SatelliteRelayDBManager.java:77) - [SatelliteRelayServiceDB] getProducts
[2017-10-29 18:00:28]  (RelayService.java:32) - [RelayService] run
[2017-10-29 18:00:28]  (SatelliteRelayDBManager.java:82) - [SatelliteRelayServiceDB] getSatelliteInfo
[2017-10-29 18:00:28]  (RelayProductService.java:38) - [RelayProductService] registSchedule : (1) - 매분-잡
[2017-10-29 18:00:28]  (RestAPIService.java:27) - WebFrontService.run()
[2017-10-29 18:01:11]  (RelayProductService.java:64) - 	 [Schedule Job] START
[2017-10-29 18:01:11]  (RelayProductService.java:67) - 	 [Schedule Job] START HistoryID : 355
[2017-10-29 18:01:11]  (RelayProductService.java:45) - 	 [Schedule Job] Init SendServers
[2017-10-29 18:01:11]  (SatelliteRelayDBManager.java:87) - [SatelliteRelayServiceDB] getFTPInfo
[2017-10-29 18:01:17]  (RelayProductService.java:51) - 	 [Schedule Job] Completed Init SendServers
[2017-10-29 18:01:17]  (RelayProductService.java:99) - 	 [Schedule Job (355)] PID : 1-매분-잡 - Task0-Init START
[2017-10-29 18:01:17]  (RelayProductService.java:103) - 	 [Schedule Job (355)] PID : 1-매분-잡 - Task0-Init END
[2017-10-29 18:01:17]  (RelayProductService.java:108) - 	 [Schedule Job (355)] PID : 1-매분-잡 - Task1-Filtering START
[2017-10-29 18:01:17]  (RelayProductService.java:127) - 	 [Schedule Job (355)] PID : 1-매분-잡 - Task1-Filtering END
[2017-10-29 18:01:17]  (RelayProductService.java:81) - 	 [Schedule Job] HistoryID : 355 - Successed!
[2017-10-29 18:01:17]  (RelayProductService.java:94) - 	 [Schedule Job] END
[2017-10-29 18:12:32]  (App.java:18) - [Application] START
[2017-10-29 18:12:32]  (SatelliteRelayServer.java:18) - [SatelliteRelayService] START
[2017-10-29 18:12:32]  (SatelliteRelayDBManager.java:36) - [SatelliteRelayServiceDB] Init
[2017-10-29 18:12:32]  (SatelliteRelayDBManager.java:45) - [SatelliteRelayServiceDB] connectDB
[2017-10-29 18:12:32]  (SatelliteRelayDBManager.java:62) - [SatelliteRelayServiceDB] checkDefaultTables
[2017-10-29 18:12:32]  (RelayService.java:25) - [RelayService] init
[2017-10-29 18:12:32]  (SatelliteRelayDBManager.java:77) - [SatelliteRelayServiceDB] getProducts
[2017-10-29 18:12:34]  (RelayService.java:32) - [RelayService] run
[2017-10-29 18:12:34]  (SatelliteRelayDBManager.java:82) - [SatelliteRelayServiceDB] getSatelliteInfo
[2017-10-29 18:12:34]  (RelayProductService.java:38) - [RelayProductService] registSchedule : (1) - 매분-잡
[2017-10-29 18:12:34]  (RestAPIService.java:27) - WebFrontService.run()
[2017-10-29 18:13:11]  (RelayProductService.java:64) - 	 [Schedule Job] START
[2017-10-29 18:13:11]  (RelayProductService.java:67) - 	 [Schedule Job] START HistoryID : 356
[2017-10-29 18:13:11]  (RelayProductService.java:45) - 	 [Schedule Job] Init SendServers
[2017-10-29 18:13:11]  (SatelliteRelayDBManager.java:87) - [SatelliteRelayServiceDB] getFTPInfo
[2017-10-29 18:13:13]  (RelayProductService.java:51) - 	 [Schedule Job] Completed Init SendServers
[2017-10-29 18:13:13]  (RelayProductService.java:99) - 	 [Schedule Job (356)] PID : 1-매분-잡 - Task0-Init START
[2017-10-29 18:13:13]  (RelayProductService.java:103) - 	 [Schedule Job (356)] PID : 1-매분-잡 - Task0-Init END
[2017-10-29 18:13:13]  (RelayProductService.java:108) - 	 [Schedule Job (356)] PID : 1-매분-잡 - Task1-Filtering START
[2017-10-29 18:13:13]  (RelayProductService.java:127) - 	 [Schedule Job (356)] PID : 1-매분-잡 - Task1-Filtering END
[2017-10-29 18:13:13]  (RelayProductService.java:85) - 	 [Schedule Job] HistoryID : 356 - Failed!
[2017-10-29 18:13:13]  (RelayProductService.java:94) - 	 [Schedule Job] END
[2017-10-29 18:14:11]  (RelayProductService.java:64) - 	 [Schedule Job] START
[2017-10-29 18:14:11]  (RelayProductService.java:67) - 	 [Schedule Job] START HistoryID : 357
[2017-10-29 18:14:11]  (RelayProductService.java:45) - 	 [Schedule Job] Init SendServers
[2017-10-29 18:14:13]  (RelayProductService.java:51) - 	 [Schedule Job] Completed Init SendServers
[2017-10-29 18:14:13]  (RelayProductService.java:99) - 	 [Schedule Job (357)] PID : 1-매분-잡 - Task0-Init START
[2017-10-29 18:14:13]  (RelayProductService.java:103) - 	 [Schedule Job (357)] PID : 1-매분-잡 - Task0-Init END
[2017-10-29 18:14:13]  (RelayProductService.java:108) - 	 [Schedule Job (357)] PID : 1-매분-잡 - Task1-Filtering START
[2017-10-29 18:14:13]  (RelayProductService.java:127) - 	 [Schedule Job (357)] PID : 1-매분-잡 - Task1-Filtering END
[2017-10-29 18:14:13]  (RelayProductService.java:85) - 	 [Schedule Job] HistoryID : 357 - Failed!
[2017-10-29 18:14:14]  (RelayProductService.java:94) - 	 [Schedule Job] END
[2017-10-29 18:14:41]  (App.java:18) - [Application] START
[2017-10-29 18:14:41]  (SatelliteRelayServer.java:18) - [SatelliteRelayService] START
[2017-10-29 18:14:41]  (SatelliteRelayDBManager.java:36) - [SatelliteRelayServiceDB] Init
[2017-10-29 18:14:41]  (SatelliteRelayDBManager.java:45) - [SatelliteRelayServiceDB] connectDB
[2017-10-29 18:14:41]  (SatelliteRelayDBManager.java:62) - [SatelliteRelayServiceDB] checkDefaultTables
[2017-10-29 18:14:41]  (RelayService.java:25) - [RelayService] init
[2017-10-29 18:14:41]  (SatelliteRelayDBManager.java:77) - [SatelliteRelayServiceDB] getProducts
[2017-10-29 18:14:41]  (RelayService.java:32) - [RelayService] run
[2017-10-29 18:14:41]  (SatelliteRelayDBManager.java:82) - [SatelliteRelayServiceDB] getSatelliteInfo
[2017-10-29 18:14:41]  (RelayProductService.java:38) - [RelayProductService] registSchedule : (1) - 매분-잡
[2017-10-29 18:14:41]  (RestAPIService.java:27) - WebFrontService.run()
[2017-10-29 18:14:59]  (App.java:18) - [Application] START
[2017-10-29 18:14:59]  (SatelliteRelayServer.java:18) - [SatelliteRelayService] START
[2017-10-29 18:14:59]  (SatelliteRelayDBManager.java:36) - [SatelliteRelayServiceDB] Init
[2017-10-29 18:14:59]  (SatelliteRelayDBManager.java:45) - [SatelliteRelayServiceDB] connectDB
[2017-10-29 18:14:59]  (SatelliteRelayDBManager.java:62) - [SatelliteRelayServiceDB] checkDefaultTables
[2017-10-29 18:14:59]  (RelayService.java:25) - [RelayService] init
[2017-10-29 18:14:59]  (SatelliteRelayDBManager.java:77) - [SatelliteRelayServiceDB] getProducts
[2017-10-29 18:14:59]  (RelayService.java:32) - [RelayService] run
[2017-10-29 18:14:59]  (SatelliteRelayDBManager.java:82) - [SatelliteRelayServiceDB] getSatelliteInfo
[2017-10-29 18:14:59]  (RelayProductService.java:38) - [RelayProductService] registSchedule : (1) - 매분-잡
[2017-10-29 18:14:59]  (RestAPIService.java:27) - WebFrontService.run()
[2017-10-29 18:15:10]  (App.java:18) - [Application] START
[2017-10-29 18:15:10]  (SatelliteRelayServer.java:18) - [SatelliteRelayService] START
[2017-10-29 18:15:10]  (SatelliteRelayDBManager.java:36) - [SatelliteRelayServiceDB] Init
[2017-10-29 18:15:10]  (SatelliteRelayDBManager.java:45) - [SatelliteRelayServiceDB] connectDB
[2017-10-29 18:15:10]  (SatelliteRelayDBManager.java:62) - [SatelliteRelayServiceDB] checkDefaultTables
[2017-10-29 18:15:10]  (RelayService.java:25) - [RelayService] init
[2017-10-29 18:15:10]  (SatelliteRelayDBManager.java:77) - [SatelliteRelayServiceDB] getProducts
[2017-10-29 18:15:10]  (RelayService.java:32) - [RelayService] run
[2017-10-29 18:15:10]  (SatelliteRelayDBManager.java:82) - [SatelliteRelayServiceDB] getSatelliteInfo
[2017-10-29 18:15:10]  (RelayProductService.java:38) - [RelayProductService] registSchedule : (1) - 매분-잡
[2017-10-29 18:15:10]  (RestAPIService.java:27) - WebFrontService.run()
[2017-10-29 18:15:11]  (RelayProductService.java:64) - 	 [Schedule Job] START
[2017-10-29 18:15:11]  (RelayProductService.java:67) - 	 [Schedule Job] START HistoryID : 358
[2017-10-29 18:15:11]  (RelayProductService.java:45) - 	 [Schedule Job] Init SendServers
[2017-10-29 18:15:11]  (SatelliteRelayDBManager.java:87) - [SatelliteRelayServiceDB] getFTPInfo
[2017-10-29 18:15:13]  (RelayProductService.java:51) - 	 [Schedule Job] Completed Init SendServers
[2017-10-29 18:15:13]  (RelayProductService.java:99) - 	 [Schedule Job (358)] PID : 1-매분-잡 - Task0-Init START
[2017-10-29 18:15:13]  (RelayProductService.java:103) - 	 [Schedule Job (358)] PID : 1-매분-잡 - Task0-Init END
[2017-10-29 18:15:13]  (RelayProductService.java:108) - 	 [Schedule Job (358)] PID : 1-매분-잡 - Task1-Filtering START
[2017-10-29 18:15:13]  (RelayProductService.java:127) - 	 [Schedule Job (358)] PID : 1-매분-잡 - Task1-Filtering END
[2017-10-29 18:15:13]  (RelayProductService.java:85) - 	 [Schedule Job] HistoryID : 358 - Failed!
[2017-10-29 18:15:14]  (RelayProductService.java:94) - 	 [Schedule Job] END
[2017-10-29 18:15:26]  (App.java:18) - [Application] START
[2017-10-29 18:15:26]  (SatelliteRelayServer.java:18) - [SatelliteRelayService] START
[2017-10-29 18:15:26]  (SatelliteRelayDBManager.java:36) - [SatelliteRelayServiceDB] Init
[2017-10-29 18:15:26]  (SatelliteRelayDBManager.java:45) - [SatelliteRelayServiceDB] connectDB
[2017-10-29 18:15:26]  (SatelliteRelayDBManager.java:62) - [SatelliteRelayServiceDB] checkDefaultTables
[2017-10-29 18:15:26]  (RelayService.java:25) - [RelayService] init
[2017-10-29 18:15:26]  (SatelliteRelayDBManager.java:77) - [SatelliteRelayServiceDB] getProducts
[2017-10-29 18:15:26]  (RelayService.java:32) - [RelayService] run
[2017-10-29 18:15:26]  (SatelliteRelayDBManager.java:82) - [SatelliteRelayServiceDB] getSatelliteInfo
[2017-10-29 18:15:26]  (RelayProductService.java:38) - [RelayProductService] registSchedule : (1) - 매분-잡
[2017-10-29 18:15:26]  (RestAPIService.java:27) - WebFrontService.run()
[2017-10-29 18:18:26]  (App.java:18) - [Application] START
[2017-10-29 18:18:26]  (SatelliteRelayServer.java:18) - [SatelliteRelayService] START
[2017-10-29 18:18:26]  (SatelliteRelayDBManager.java:36) - [SatelliteRelayServiceDB] Init
[2017-10-29 18:18:26]  (SatelliteRelayDBManager.java:45) - [SatelliteRelayServiceDB] connectDB
[2017-10-29 18:18:26]  (SatelliteRelayDBManager.java:62) - [SatelliteRelayServiceDB] checkDefaultTables
[2017-10-29 18:18:26]  (RelayService.java:25) - [RelayService] init
[2017-10-29 18:18:26]  (SatelliteRelayDBManager.java:77) - [SatelliteRelayServiceDB] getProducts
[2017-10-29 18:18:26]  (RelayService.java:32) - [RelayService] run
[2017-10-29 18:18:26]  (SatelliteRelayDBManager.java:82) - [SatelliteRelayServiceDB] getSatelliteInfo
[2017-10-29 18:18:26]  (RelayProductService.java:38) - [RelayProductService] registSchedule : (1) - 매분-잡
[2017-10-29 18:18:26]  (RestAPIService.java:27) - WebFrontService.run()
[2017-10-29 18:21:19]  (App.java:18) - [Application] START
[2017-10-29 18:21:19]  (SatelliteRelayServer.java:18) - [SatelliteRelayService] START
[2017-10-29 18:21:19]  (SatelliteRelayDBManager.java:36) - [SatelliteRelayServiceDB] Init
[2017-10-29 18:21:19]  (SatelliteRelayDBManager.java:45) - [SatelliteRelayServiceDB] connectDB
[2017-10-29 18:21:20]  (SatelliteRelayDBManager.java:62) - [SatelliteRelayServiceDB] checkDefaultTables
[2017-10-29 18:21:20]  (RelayService.java:25) - [RelayService] init
[2017-10-29 18:21:20]  (SatelliteRelayDBManager.java:77) - [SatelliteRelayServiceDB] getProducts
[2017-10-29 18:21:20]  (RelayService.java:32) - [RelayService] run
[2017-10-29 18:21:20]  (SatelliteRelayDBManager.java:82) - [SatelliteRelayServiceDB] getSatelliteInfo
[2017-10-29 18:21:20]  (RelayProductService.java:38) - [RelayProductService] registSchedule : (1) - 매분-잡
[2017-10-29 18:21:20]  (RestAPIService.java:27) - WebFrontService.run()
[2017-10-29 18:22:14]  (App.java:18) - [Application] START
[2017-10-29 18:22:14]  (SatelliteRelayServer.java:18) - [SatelliteRelayService] START
[2017-10-29 18:22:14]  (SatelliteRelayDBManager.java:36) - [SatelliteRelayServiceDB] Init
[2017-10-29 18:22:14]  (SatelliteRelayDBManager.java:45) - [SatelliteRelayServiceDB] connectDB
[2017-10-29 18:22:14]  (SatelliteRelayDBManager.java:62) - [SatelliteRelayServiceDB] checkDefaultTables
[2017-10-29 18:22:14]  (RelayService.java:25) - [RelayService] init
[2017-10-29 18:22:14]  (SatelliteRelayDBManager.java:77) - [SatelliteRelayServiceDB] getProducts
[2017-10-29 18:22:14]  (RelayService.java:32) - [RelayService] run
[2017-10-29 18:22:14]  (SatelliteRelayDBManager.java:82) - [SatelliteRelayServiceDB] getSatelliteInfo
[2017-10-29 18:22:14]  (RelayProductService.java:38) - [RelayProductService] registSchedule : (1) - 매분-잡
[2017-10-29 18:22:14]  (RestAPIService.java:27) - WebFrontService.run()
